<?xml version="1.0" encoding="UTF-8"?>
<testng-results ignored="0" total="1" passed="1" failed="0" skipped="0">
  <reporter-output>
  </reporter-output>
  <suite started-at="2023-03-27T23:16:35 ICT" name="Suite" finished-at="2023-03-27T23:16:57 ICT" duration-ms="22788">
    <groups>
    </groups>
    <test started-at="2023-03-27T23:16:35 ICT" name="Test" finished-at="2023-03-27T23:16:57 ICT" duration-ms="22788">
      <class name="test.ContactTest">
        <test-method is-config="true" signature="beforeMethod()[pri:0, instance:test.ContactTest@76508ed1]" started-at="2023-03-27T23:16:35 ICT" name="beforeMethod" finished-at="2023-03-27T23:16:44 ICT" duration-ms="9238" status="PASS">
          <reporter-output>
          </reporter-output>
        </test-method> <!-- beforeMethod -->
        <test-method signature="TC6_sendContact()[pri:0, instance:test.ContactTest@76508ed1]" started-at="2023-03-27T23:16:44 ICT" name="TC6_sendContact" finished-at="2023-03-27T23:16:57 ICT" duration-ms="13382" status="PASS">
          <reporter-output>
          </reporter-output>
        </test-method> <!-- TC6_sendContact -->
        <test-method is-config="true" signature="afterMethod()[pri:0, instance:test.ContactTest@76508ed1]" started-at="2023-03-27T23:16:57 ICT" name="afterMethod" finished-at="2023-03-27T23:16:57 ICT" duration-ms="136" status="PASS">
          <reporter-output>
          </reporter-output>
        </test-method> <!-- afterMethod -->
      </class> <!-- test.ContactTest -->
    </test> <!-- Test -->
  </suite> <!-- Suite -->
</testng-results>
