<?xml version="1.0" encoding="UTF-8"?>
<testng-results ignored="0" total="1" passed="1" failed="0" skipped="0">
  <reporter-output>
  </reporter-output>
  <suite started-at="2023-03-26T16:34:30 ICT" name="Default suite" finished-at="2023-03-26T16:34:49 ICT" duration-ms="18721">
    <groups>
    </groups>
    <test started-at="2023-03-26T16:34:30 ICT" name="Default test" finished-at="2023-03-26T16:34:49 ICT" duration-ms="18721">
      <class name="test.LoginUserWithCorrectEmailAndPassword">
        <test-method is-config="true" signature="beforeMethod()[pri:0, instance:test.LoginUserWithCorrectEmailAndPassword@5552768b]" started-at="2023-03-26T16:34:30 ICT" name="beforeMethod" finished-at="2023-03-26T16:34:38 ICT" duration-ms="7276" status="PASS">
          <reporter-output>
          </reporter-output>
        </test-method> <!-- beforeMethod -->
        <test-method signature="TC2_loginUserSuccessful()[pri:0, instance:test.LoginUserWithCorrectEmailAndPassword@5552768b]" started-at="2023-03-26T16:34:38 ICT" name="TC2_loginUserSuccessful" finished-at="2023-03-26T16:34:49 ICT" duration-ms="11212" status="PASS">
          <reporter-output>
          </reporter-output>
        </test-method> <!-- TC2_loginUserSuccessful -->
        <test-method is-config="true" signature="afterMethod()[pri:0, instance:test.LoginUserWithCorrectEmailAndPassword@5552768b]" started-at="2023-03-26T16:34:49 ICT" name="afterMethod" finished-at="2023-03-26T16:34:49 ICT" duration-ms="175" status="PASS">
          <reporter-output>
          </reporter-output>
        </test-method> <!-- afterMethod -->
      </class> <!-- test.LoginUserWithCorrectEmailAndPassword -->
    </test> <!-- Default test -->
  </suite> <!-- Default suite -->
</testng-results>
